<?xml version="1.0" encoding="UTF-8"?>
<testsuite xmlns:xsi="http://www.w3.org/2001/XMLSchema-instance" xsi:noNamespaceSchemaLocation="https://maven.apache.org/surefire/maven-surefire-plugin/xsd/surefire-test-report.xsd" version="3.0.2" name="com.belnitskii.telegrambotcb.TelegramBotCbApplicationTests" time="3.033" tests="1" errors="0" skipped="0" failures="0">
  <properties>
[...]
</properties>
  <testcase name="contextLoads" classname="com.belnitskii.telegrambotcb.TelegramBotCbApplicationTests" time="0.81">
    <system-out><![CDATA[23:34:49.821 [main] INFO org.springframework.test.context.support.AnnotationConfigContextLoaderUtils -- Could not detect default configuration classes for test class [com.belnitskii.telegrambotcb.TelegramBotCbApplicationTests]: TelegramBotCbApplicationTests does not declare any static, non-private, non-final, nested classes annotated with @Configuration.
23:34:49.929 [main] INFO org.springframework.boot.test.context.SpringBootTestContextBootstrapper -- Found @SpringBootConfiguration com.belnitskii.telegrambotcb.TelegramBotCbApplication for test class com.belnitskii.telegrambotcb.TelegramBotCbApplicationTests

  .   ____          _            __ _ _
 /\\ / ___'_ __ _ _(_)_ __  __ _ \ \ \ \
( ( )\___ | '_ | '_| | '_ \/ _` | \ \ \ \
 \\/  ___)| |_)| | | | | || (_| |  ) ) ) )
  '  |____| .__|_| |_|_| |_\__, | / / / /
 =========|_|==============|___/=/_/_/_/

 :: Spring Boot ::                (v3.4.1)

2025-01-18T23:34:50.415+01:00  INFO 51188 --- [TelegramBotCB] [           main] c.b.t.TelegramBotCbApplicationTests      : Starting TelegramBotCbApplicationTests using Java 22.0.1 with PID 51188 (started by user in /Users/user/IdeaProjects/TelegramBotCB)
2025-01-18T23:34:50.416+01:00  INFO 51188 --- [TelegramBotCB] [           main] c.b.t.TelegramBotCbApplicationTests      : No active profile set, falling back to 1 default profile: "default"
2025-01-18T23:34:51.858+01:00  INFO 51188 --- [TelegramBotCB] [           main] c.b.t.TelegramBotCbApplicationTests      : Started TelegramBotCbApplicationTests in 1.787 seconds (process running for 2.735)
]]></system-out>
    <system-err><![CDATA[Mockito is currently self-attaching to enable the inline-mock-maker. This will no longer work in future releases of the JDK. Please add Mockito as an agent to your build what is described in Mockito's documentation: https://javadoc.io/doc/org.mockito/mockito-core/latest/org/mockito/Mockito.html#0.3
WARNING: A Java agent has been loaded dynamically (/Users/user/.m2/repository/net/bytebuddy/byte-buddy-agent/1.15.11/byte-buddy-agent-1.15.11.jar)
WARNING: If a serviceability tool is in use, please run with -XX:+EnableDynamicAgentLoading to hide this warning
WARNING: If a serviceability tool is not in use, please run with -Djdk.instrument.traceUsage for more information
WARNING: Dynamic loading of agents will be disallowed by default in a future release
]]></system-err>
  </testcase>
</testsuite>